(0000) 3000  0011000000000000 (  11)                 .ORIG x3000
(3000) A04C  1010000001001100 (  16)                 LDI   R0 BLOCKS
(3001) 492C  0100100100101100 (  17)                 JSR   LOAD_JOURNEY
(3002) 484B  0100100001001011 (  18)                 JSR   DISPLAY_BOARD
(3003) F020  1111000000100000 (  20) GAMEON          TRAP  x20
(3004) 2610  0010011000010000 (  21)                 LD    R3 ASCII_Q_COMPLEMENT
(3005) 1603  0001011000000011 (  22)                 ADD   R3 R0 R3
(3006) 040B  0000010000001011 (  23)                 BRZ   EXIT
(3007) 4968  0100100101101000 (  24)                 JSR   IS_INPUT_VALID
(3008) 14A0  0001010010100000 (  26)                 ADD   R2 R2 #0
(3009) 0403  0000010000000011 (  27)                 BRZ   VALID_INPUT
(300A) E00B  1110000000001011 (  28)                 LEA   R0 INVALID_MOVE_STRING
(300B) F022  1111000000100010 (  30)                 TRAP  x22
(300C) 0FF6  0000111111110110 (  31)                 BRNZP GAMEON
(300D) 4975  0100100101110101 (  33) VALID_INPUT     JSR   APPLY_MOVE
(300E) 483F  0100100000111111 (  34)                 JSR   DISPLAY_BOARD
(300F) 49C6  0100100111000110 (  35)                 JSR   IS_GAME_OVER
(3010) 14A0  0001010010100000 (  36)                 ADD   R2 R2 #0
(3011) 0BF1  0000101111110001 (  37)                 BRNP  GAMEON
(3012) E020  1110000000100000 (  38) EXIT            LEA   R0 GOODBYE_STRING
(3013) F022  1111000000100010 (  39)                 TRAP  x22
(3014) F025  1111000000100101 (  40)                 TRAP  x25
(3015) FF8F  1111111110001111 (  42) ASCII_Q_COMPLEMENT .FILL xFF8F
(3016) 000A  0000000000001010 (  43) INVALID_MOVE_STRING .FILL x000A
(3017) 0049  0000000001001001 (  43)                 .FILL x0049
(3018) 006E  0000000001101110 (  43)                 .FILL x006E
(3019) 0076  0000000001110110 (  43)                 .FILL x0076
(301A) 0061  0000000001100001 (  43)                 .FILL x0061
(301B) 006C  0000000001101100 (  43)                 .FILL x006C
(301C) 0069  0000000001101001 (  43)                 .FILL x0069
(301D) 0064  0000000001100100 (  43)                 .FILL x0064
(301E) 0020  0000000000100000 (  43)                 .FILL x0020
(301F) 0049  0000000001001001 (  43)                 .FILL x0049
(3020) 006E  0000000001101110 (  43)                 .FILL x006E
(3021) 0070  0000000001110000 (  43)                 .FILL x0070
(3022) 0075  0000000001110101 (  43)                 .FILL x0075
(3023) 0074  0000000001110100 (  43)                 .FILL x0074
(3024) 0020  0000000000100000 (  43)                 .FILL x0020
(3025) 0028  0000000000101000 (  43)                 .FILL x0028
(3026) 0069  0000000001101001 (  43)                 .FILL x0069
(3027) 002C  0000000000101100 (  43)                 .FILL x002C
(3028) 0020  0000000000100000 (  43)                 .FILL x0020
(3029) 006A  0000000001101010 (  43)                 .FILL x006A
(302A) 002C  0000000000101100 (  43)                 .FILL x002C
(302B) 0020  0000000000100000 (  43)                 .FILL x0020
(302C) 006B  0000000001101011 (  43)                 .FILL x006B
(302D) 002C  0000000000101100 (  43)                 .FILL x002C
(302E) 0020  0000000000100000 (  43)                 .FILL x0020
(302F) 006C  0000000001101100 (  43)                 .FILL x006C
(3030) 0029  0000000000101001 (  43)                 .FILL x0029
(3031) 000A  0000000000001010 (  43)                 .FILL x000A
(3032) 0000  0000000000000000 (  43)                 .FILL x0000
(3033) 000A  0000000000001010 (  44) GOODBYE_STRING  .FILL x000A
(3034) 004A  0000000001001010 (  44)                 .FILL x004A
(3035) 006F  0000000001101111 (  44)                 .FILL x006F
(3036) 0075  0000000001110101 (  44)                 .FILL x0075
(3037) 0072  0000000001110010 (  44)                 .FILL x0072
(3038) 006E  0000000001101110 (  44)                 .FILL x006E
(3039) 0065  0000000001100101 (  44)                 .FILL x0065
(303A) 0079  0000000001111001 (  44)                 .FILL x0079
(303B) 0027  0000000000100111 (  44)                 .FILL x0027
(303C) 0073  0000000001110011 (  44)                 .FILL x0073
(303D) 0020  0000000000100000 (  44)                 .FILL x0020
(303E) 0045  0000000001000101 (  44)                 .FILL x0045
(303F) 006E  0000000001101110 (  44)                 .FILL x006E
(3040) 0064  0000000001100100 (  44)                 .FILL x0064
(3041) 0021  0000000000100001 (  44)                 .FILL x0021
(3042) 0020  0000000000100000 (  44)                 .FILL x0020
(3043) 0047  0000000001000111 (  44)                 .FILL x0047
(3044) 006F  0000000001101111 (  44)                 .FILL x006F
(3045) 006F  0000000001101111 (  44)                 .FILL x006F
(3046) 0064  0000000001100100 (  44)                 .FILL x0064
(3047) 0062  0000000001100010 (  44)                 .FILL x0062
(3048) 0079  0000000001111001 (  44)                 .FILL x0079
(3049) 0065  0000000001100101 (  44)                 .FILL x0065
(304A) 0021  0000000000100001 (  44)                 .FILL x0021
(304B) 000A  0000000000001010 (  44)                 .FILL x000A
(304C) 0000  0000000000000000 (  44)                 .FILL x0000
(304D) 4000  0100000000000000 (  45) BLOCKS          .FILL x4000
(304E) 3020  0011000000100000 (  53) DISPLAY_BOARD   ST    R0 DB_R0
(304F) 3220  0011001000100000 (  54)                 ST    R1 DB_R1
(3050) 3420  0011010000100000 (  55)                 ST    R2 DB_R2
(3051) 3620  0011011000100000 (  56)                 ST    R3 DB_R3
(3052) 3E20  0011111000100000 (  57)                 ST    R7 DB_R7
(3053) 5260  0101001001100000 (  58)                 AND   R1 R1 #0
(3054) 1268  0001001001101000 (  59)                 ADD   R1 R1 #8
(3055) E47A  1110010001111010 (  60)                 LEA   R2 GRID
(3056) E650  1110011001010000 (  61)                 LEA   R3 COL
(3057) 16EC  0001011011101100 (  62)                 ADD   R3 R3 #12
(3058) 2076  0010000001110110 (  63)                 LD    R0 ASCII_NEWLINE
(3059) F021  1111000000100001 (  64)                 TRAP  x21
(305A) F021  1111000000100001 (  65)                 TRAP  x21
(305B) E04B  1110000001001011 (  66)                 LEA   R0 COL
(305C) F022  1111000000100010 (  67)                 TRAP  x22
(305D) 2071  0010000001110001 (  68) DB_ROWOUT       LD    R0 ASCII_NEWLINE
(305E) F021  1111000000100001 (  69)                 TRAP  x21
(305F) 10E0  0001000011100000 (  70)                 ADD   R0 R3 #0
(3060) F022  1111000000100010 (  71)                 TRAP  x22
(3061) 10A0  0001000010100000 (  72)                 ADD   R0 R2 #0
(3062) F022  1111000000100010 (  73)                 TRAP  x22
(3063) 14AA  0001010010101010 (  74)                 ADD   R2 R2 #10
(3064) 16E3  0001011011100011 (  75)                 ADD   R3 R3 #3
(3065) 127F  0001001001111111 (  76)                 ADD   R1 R1 #-1
(3066) 07F6  0000011111110110 (  77)                 BRZP  DB_ROWOUT
(3067) 2067  0010000001100111 (  78)                 LD    R0 ASCII_NEWLINE
(3068) F021  1111000000100001 (  79)                 TRAP  x21
(3069) 2005  0010000000000101 (  80)                 LD    R0 DB_R0
(306A) 2205  0010001000000101 (  81)                 LD    R1 DB_R1
(306B) 2405  0010010000000101 (  82)                 LD    R2 DB_R2
(306C) 2605  0010011000000101 (  83)                 LD    R3 DB_R3
(306D) 2E05  0010111000000101 (  84)                 LD    R7 DB_R7
(306E) C1C0  1100000111000000 (  85)                 RET   
(306F) 0000  0000000000000000 (  88) DB_R0           .FILL x0000
(3070) 0000  0000000000000000 (  89) DB_R1           .FILL x0000
(3071) 0000  0000000000000000 (  90) DB_R2           .FILL x0000
(3072) 0000  0000000000000000 (  91) DB_R3           .FILL x0000
(3073) 0000  0000000000000000 ( 100) DB_R7           .FILL x0000
(3074) 3C2A  0011110000101010 ( 101) CAN_MOVE        ST    R6 TRAN_R6
(3075) 3E2A  0011111000101010 ( 102)                 ST    R7 TRAN_R7
(3076) 302A  0011000000101010 ( 103)                 ST    R0 TRAN_R0
(3077) 5260  0101001001100000 ( 104)                 AND   R1 R1 #0
(3078) 54A0  0101010010100000 ( 105)                 AND   R2 R2 #0
(3079) 22B0  0010001010110000 ( 106)                 LD    R1 CURRENT_ROW
(307A) 24B0  0010010010110000 ( 107)                 LD    R2 CURRENT_COL
(307B) 2C26  0010110000100110 ( 108)                 LD    R6 CHAR_I
(307C) 1C06  0001110000000110 ( 109)                 ADD   R6 R0 R6
(307D) 0A03  0000101000000011 ( 110)                 BRNP  NOT_I
(307E) 127F  0001001001111111 ( 111)                 ADD   R1 R1 #-1
(307F) 0819  0000100000011001 ( 112)                 BRN   INVALID_MOVE
(3080) 0613  0000011000010011 ( 113)                 BRZP  DONE_RC
(3081) 2C21  0010110000100001 ( 115) NOT_I           LD    R6 CHAR_J
(3082) 1C06  0001110000000110 ( 116)                 ADD   R6 R0 R6
(3083) 0A03  0000101000000011 ( 117)                 BRNP  NOT_J
(3084) 14BF  0001010010111111 ( 118)                 ADD   R2 R2 #-1
(3085) 0813  0000100000010011 ( 119)                 BRN   INVALID_MOVE
(3086) 060D  0000011000001101 ( 120)                 BRZP  DONE_RC
(3087) 2C1C  0010110000011100 ( 122) NOT_J           LD    R6 CHAR_K
(3088) 1C06  0001110000000110 ( 123)                 ADD   R6 R0 R6
(3089) 0A04  0000101000000100 ( 124)                 BRNP  NOT_K
(308A) 1261  0001001001100001 ( 125)                 ADD   R1 R1 #1
(308B) 1C7D  0001110001111101 ( 126)                 ADD   R6 R1 #-3
(308C) 020C  0000001000001100 ( 127)                 BRP   INVALID_MOVE
(308D) 0C06  0000110000000110 ( 128)                 BRNZ  DONE_RC
(308E) 2C16  0010110000010110 ( 130) NOT_K           LD    R6 CHAR_L
(308F) 1C06  0001110000000110 ( 131)                 ADD   R6 R0 R6
(3090) 0A08  0000101000001000 ( 132)                 BRNP  INVALID_MOVE
(3091) 14A1  0001010010100001 ( 133)                 ADD   R2 R2 #1
(3092) 1CBD  0001110010111101 ( 134)                 ADD   R6 R2 #-3
(3093) 0205  0000001000000101 ( 135)                 BRP   INVALID_MOVE
(3094) 48C1  0100100011000001 ( 137) DONE_RC         JSR   GET_ADDRESS
(3095) 6C00  0110110000000000 ( 138)                 LDR   R6 R0 #0
(3096) 200F  0010000000001111 ( 139)                 LD    R0 HASHTAG
(3097) 1C06  0001110000000110 ( 140)                 ADD   R6 R0 R6
(3098) 0A02  0000101000000010 ( 141)                 BRNP  REST_TRAN
(3099) 5260  0101001001100000 ( 143) INVALID_MOVE    AND   R1 R1 #0
(309A) 127F  0001001001111111 ( 144)                 ADD   R1 R1 #-1
(309B) 2C03  0010110000000011 ( 146) REST_TRAN       LD    R6 TRAN_R6
(309C) 2E03  0010111000000011 ( 147)                 LD    R7 TRAN_R7
(309D) 2003  0010000000000011 ( 148)                 LD    R0 TRAN_R0
(309E) C1C0  1100000111000000 ( 149)                 RET   
(309F) 0000  0000000000000000 ( 152) TRAN_R6         .FILL x0000
(30A0) 0000  0000000000000000 ( 153) TRAN_R7         .FILL x0000
(30A1) 0000  0000000000000000 ( 154) TRAN_R0         .FILL x0000
(30A2) FF97  1111111110010111 ( 154) CHAR_I          .FILL xFF97
(30A3) FF96  1111111110010110 ( 155) CHAR_J          .FILL xFF96
(30A4) FF95  1111111110010101 ( 156) CHAR_K          .FILL xFF95
(30A5) FF94  1111111110010100 ( 157) CHAR_L          .FILL xFF94
(30A6) FFDD  1111111111011101 ( 158) HASHTAG         .FILL xFFDD
(30A7) 0020  0000000000100000 ( 163) COL             .FILL x0020
(30A8) 0020  0000000000100000 ( 163)                 .FILL x0020
(30A9) 0020  0000000000100000 ( 163)                 .FILL x0020
(30AA) 0030  0000000000110000 ( 163)                 .FILL x0030
(30AB) 0020  0000000000100000 ( 163)                 .FILL x0020
(30AC) 0031  0000000000110001 ( 163)                 .FILL x0031
(30AD) 0020  0000000000100000 ( 163)                 .FILL x0020
(30AE) 0032  0000000000110010 ( 163)                 .FILL x0032
(30AF) 0020  0000000000100000 ( 163)                 .FILL x0020
(30B0) 0033  0000000000110011 ( 163)                 .FILL x0033
(30B1) 0020  0000000000100000 ( 163)                 .FILL x0020
(30B2) 0000  0000000000000000 ( 163)                 .FILL x0000
(30B3) 0020  0000000000100000 ( 164)                 .FILL x0020
(30B4) 0020  0000000000100000 ( 164)                 .FILL x0020
(30B5) 0000  0000000000000000 ( 164)                 .FILL x0000
(30B6) 0030  0000000000110000 ( 165) ZERO            .FILL x0030
(30B7) 0020  0000000000100000 ( 165)                 .FILL x0020
(30B8) 0000  0000000000000000 ( 165)                 .FILL x0000
(30B9) 0020  0000000000100000 ( 166)                 .FILL x0020
(30BA) 0020  0000000000100000 ( 166)                 .FILL x0020
(30BB) 0000  0000000000000000 ( 166)                 .FILL x0000
(30BC) 0031  0000000000110001 ( 167) ONE             .FILL x0031
(30BD) 0020  0000000000100000 ( 167)                 .FILL x0020
(30BE) 0000  0000000000000000 ( 167)                 .FILL x0000
(30BF) 0020  0000000000100000 ( 168)                 .FILL x0020
(30C0) 0020  0000000000100000 ( 168)                 .FILL x0020
(30C1) 0000  0000000000000000 ( 168)                 .FILL x0000
(30C2) 0032  0000000000110010 ( 169) TWO             .FILL x0032
(30C3) 0020  0000000000100000 ( 169)                 .FILL x0020
(30C4) 0000  0000000000000000 ( 169)                 .FILL x0000
(30C5) 0020  0000000000100000 ( 170)                 .FILL x0020
(30C6) 0020  0000000000100000 ( 170)                 .FILL x0020
(30C7) 0000  0000000000000000 ( 170)                 .FILL x0000
(30C8) 0033  0000000000110011 ( 171) THREE           .FILL x0033
(30C9) 0020  0000000000100000 ( 171)                 .FILL x0020
(30CA) 0000  0000000000000000 ( 171)                 .FILL x0000
(30CB) 0020  0000000000100000 ( 172)                 .FILL x0020
(30CC) 0020  0000000000100000 ( 172)                 .FILL x0020
(30CD) 0000  0000000000000000 ( 172)                 .FILL x0000
(30CE) 0030  0000000000110000 ( 173) ASCII_OFFSET    .FILL x0030
(30CF) 000A  0000000000001010 ( 174) ASCII_NEWLINE   .FILL x000A
(30D0) 002B  0000000000101011 ( 179) GRID            .FILL x002B
(30D1) 002D  0000000000101101 ( 179)                 .FILL x002D
(30D2) 002B  0000000000101011 ( 179)                 .FILL x002B
(30D3) 002D  0000000000101101 ( 179)                 .FILL x002D
(30D4) 002B  0000000000101011 ( 179)                 .FILL x002B
(30D5) 002D  0000000000101101 ( 179)                 .FILL x002D
(30D6) 002B  0000000000101011 ( 179)                 .FILL x002B
(30D7) 002D  0000000000101101 ( 179)                 .FILL x002D
(30D8) 002B  0000000000101011 ( 179)                 .FILL x002B
(30D9) 0000  0000000000000000 ( 179)                 .FILL x0000
(30DA) 007C  0000000001111100 ( 180) ROW0            .FILL x007C
(30DB) 0020  0000000000100000 ( 180)                 .FILL x0020
(30DC) 007C  0000000001111100 ( 180)                 .FILL x007C
(30DD) 0020  0000000000100000 ( 180)                 .FILL x0020
(30DE) 007C  0000000001111100 ( 180)                 .FILL x007C
(30DF) 0020  0000000000100000 ( 180)                 .FILL x0020
(30E0) 007C  0000000001111100 ( 180)                 .FILL x007C
(30E1) 0020  0000000000100000 ( 180)                 .FILL x0020
(30E2) 007C  0000000001111100 ( 180)                 .FILL x007C
(30E3) 0000  0000000000000000 ( 180)                 .FILL x0000
(30E4) 002B  0000000000101011 ( 181)                 .FILL x002B
(30E5) 002D  0000000000101101 ( 181)                 .FILL x002D
(30E6) 002B  0000000000101011 ( 181)                 .FILL x002B
(30E7) 002D  0000000000101101 ( 181)                 .FILL x002D
(30E8) 002B  0000000000101011 ( 181)                 .FILL x002B
(30E9) 002D  0000000000101101 ( 181)                 .FILL x002D
(30EA) 002B  0000000000101011 ( 181)                 .FILL x002B
(30EB) 002D  0000000000101101 ( 181)                 .FILL x002D
(30EC) 002B  0000000000101011 ( 181)                 .FILL x002B
(30ED) 0000  0000000000000000 ( 181)                 .FILL x0000
(30EE) 007C  0000000001111100 ( 182) ROW1            .FILL x007C
(30EF) 0020  0000000000100000 ( 182)                 .FILL x0020
(30F0) 007C  0000000001111100 ( 182)                 .FILL x007C
(30F1) 0020  0000000000100000 ( 182)                 .FILL x0020
(30F2) 007C  0000000001111100 ( 182)                 .FILL x007C
(30F3) 0020  0000000000100000 ( 182)                 .FILL x0020
(30F4) 007C  0000000001111100 ( 182)                 .FILL x007C
(30F5) 0020  0000000000100000 ( 182)                 .FILL x0020
(30F6) 007C  0000000001111100 ( 182)                 .FILL x007C
(30F7) 0000  0000000000000000 ( 182)                 .FILL x0000
(30F8) 002B  0000000000101011 ( 183)                 .FILL x002B
(30F9) 002D  0000000000101101 ( 183)                 .FILL x002D
(30FA) 002B  0000000000101011 ( 183)                 .FILL x002B
(30FB) 002D  0000000000101101 ( 183)                 .FILL x002D
(30FC) 002B  0000000000101011 ( 183)                 .FILL x002B
(30FD) 002D  0000000000101101 ( 183)                 .FILL x002D
(30FE) 002B  0000000000101011 ( 183)                 .FILL x002B
(30FF) 002D  0000000000101101 ( 183)                 .FILL x002D
(3100) 002B  0000000000101011 ( 183)                 .FILL x002B
(3101) 0000  0000000000000000 ( 183)                 .FILL x0000
(3102) 007C  0000000001111100 ( 184) ROW2            .FILL x007C
(3103) 0020  0000000000100000 ( 184)                 .FILL x0020
(3104) 007C  0000000001111100 ( 184)                 .FILL x007C
(3105) 0020  0000000000100000 ( 184)                 .FILL x0020
(3106) 007C  0000000001111100 ( 184)                 .FILL x007C
(3107) 0020  0000000000100000 ( 184)                 .FILL x0020
(3108) 007C  0000000001111100 ( 184)                 .FILL x007C
(3109) 0020  0000000000100000 ( 184)                 .FILL x0020
(310A) 007C  0000000001111100 ( 184)                 .FILL x007C
(310B) 0000  0000000000000000 ( 184)                 .FILL x0000
(310C) 002B  0000000000101011 ( 185)                 .FILL x002B
(310D) 002D  0000000000101101 ( 185)                 .FILL x002D
(310E) 002B  0000000000101011 ( 185)                 .FILL x002B
(310F) 002D  0000000000101101 ( 185)                 .FILL x002D
(3110) 002B  0000000000101011 ( 185)                 .FILL x002B
(3111) 002D  0000000000101101 ( 185)                 .FILL x002D
(3112) 002B  0000000000101011 ( 185)                 .FILL x002B
(3113) 002D  0000000000101101 ( 185)                 .FILL x002D
(3114) 002B  0000000000101011 ( 185)                 .FILL x002B
(3115) 0000  0000000000000000 ( 185)                 .FILL x0000
(3116) 007C  0000000001111100 ( 186) ROW3            .FILL x007C
(3117) 0020  0000000000100000 ( 186)                 .FILL x0020
(3118) 007C  0000000001111100 ( 186)                 .FILL x007C
(3119) 0020  0000000000100000 ( 186)                 .FILL x0020
(311A) 007C  0000000001111100 ( 186)                 .FILL x007C
(311B) 0020  0000000000100000 ( 186)                 .FILL x0020
(311C) 007C  0000000001111100 ( 186)                 .FILL x007C
(311D) 0020  0000000000100000 ( 186)                 .FILL x0020
(311E) 007C  0000000001111100 ( 186)                 .FILL x007C
(311F) 0000  0000000000000000 ( 186)                 .FILL x0000
(3120) 002B  0000000000101011 ( 187)                 .FILL x002B
(3121) 002D  0000000000101101 ( 187)                 .FILL x002D
(3122) 002B  0000000000101011 ( 187)                 .FILL x002B
(3123) 002D  0000000000101101 ( 187)                 .FILL x002D
(3124) 002B  0000000000101011 ( 187)                 .FILL x002B
(3125) 002D  0000000000101101 ( 187)                 .FILL x002D
(3126) 002B  0000000000101011 ( 187)                 .FILL x002B
(3127) 002D  0000000000101101 ( 187)                 .FILL x002D
(3128) 002B  0000000000101011 ( 187)                 .FILL x002B
(3129) 0000  0000000000000000 ( 187)                 .FILL x0000
(312A) 0000  0000000000000000 ( 193) CURRENT_ROW     .FILL x0000
(312B) 0000  0000000000000000 ( 194) CURRENT_COL     .FILL x0000
(312C) 0000  0000000000000000 ( 195) END_ROW         .FILL x0000
(312D) 0000  0000000000000000 ( 224) END_COL         .FILL x0000
(312E) 3E26  0011111000100110 ( 226) LOAD_JOURNEY    ST    R7 LJ_R7
(312F) A824  1010100000100100 ( 227)                 LDI   R4 LD_JOURNEY_ADDER
(3130) 6300  0110001100000000 ( 229) PGrid           LDR   R1 R4 #0
(3131) 6501  0110010100000001 ( 230)                 LDR   R2 R4 #1
(3132) 6702  0110011100000010 ( 231)                 LDR   R3 R4 #2
(3133) 6903  0110100100000011 ( 232)                 LDR   R4 R4 #3
(3134) 2A1C  0010101000011100 ( 233)                 LD    R5 LD_ASCII_ST
(3135) 1B43  0001101101000011 ( 234)                 ADD   R5 R5 R3
(3136) 0404  0000010000000100 ( 235)                 BRZ   LD_START
(3137) 2A1A  0010101000011010 ( 236)                 LD    R5 LD_ASCII_END
(3138) 1B43  0001101101000011 ( 237)                 ADD   R5 R5 R3
(3139) 0409  0000010000001001 ( 238)                 BRZ   EndPoint
(313A) 0E0F  0000111000001111 ( 239)                 BRNZP Obstacle
(313B) 33EE  0011001111101110 ( 241) LD_START        ST    R1 CURRENT_ROW
(313C) 35EE  0011010111101110 ( 242)                 ST    R2 CURRENT_COL
(313D) 4818  0100100000011000 ( 243)                 JSR   GET_ADDRESS
(313E) 2614  0010011000010100 ( 244)                 LD    R3 LD_START_ST
(313F) 7600  0111011000000000 ( 245)                 STR   R3 R0 #0
(3140) 1920  0001100100100000 ( 246)                 ADD   R4 R4 #0
(3141) 040D  0000010000001101 ( 247)                 BRZ   POP_DONE
(3142) 0FED  0000111111101101 ( 248)                 BRNZP PGrid
(3143) 33E8  0011001111101000 ( 250) EndPoint        ST    R1 END_ROW
(3144) 35E8  0011010111101000 ( 251)                 ST    R2 END_COL
(3145) 4810  0100100000010000 ( 252)                 JSR   GET_ADDRESS
(3146) 7600  0111011000000000 ( 253)                 STR   R3 R0 #0
(3147) 1920  0001100100100000 ( 254)                 ADD   R4 R4 #0
(3148) 0406  0000010000000110 ( 255)                 BRZ   POP_DONE
(3149) 0FE6  0000111111100110 ( 256)                 BRNZP PGrid
(314A) 480B  0100100000001011 ( 258) Obstacle        JSR   GET_ADDRESS
(314B) 7600  0111011000000000 ( 259)                 STR   R3 R0 #0
(314C) 1920  0001100100100000 ( 260)                 ADD   R4 R4 #0
(314D) 0401  0000010000000001 ( 261)                 BRZ   POP_DONE
(314E) 0FE1  0000111111100001 ( 262)                 BRNZP PGrid
(314F) 2E05  0010111000000101 ( 264) POP_DONE        LD    R7 LJ_R7
(3150) C1C0  1100000111000000 ( 265)                 RET   
(3151) FFAD  1111111110101101 ( 266) LD_ASCII_ST     .FILL xFFAD
(3152) FFBB  1111111110111011 ( 267) LD_ASCII_END    .FILL xFFBB
(3153) 002A  0000000000101010 ( 268) LD_START_ST     .FILL x002A
(3154) 4000  0100000000000000 ( 269) LD_JOURNEY_ADDER .FILL x4000
(3155) 0000  0000000000000000 ( 284) LJ_R7           .FILL x0000
(3156) 3215  0011001000010101 ( 286) GET_ADDRESS     ST    R1 GA_R1
(3157) 3415  0011010000010101 ( 287)                 ST    R2 GA_R2
(3158) 3615  0011011000010101 ( 288)                 ST    R3 GA_R3
(3159) 3815  0011100000010101 ( 289)                 ST    R4 GA_R4
(315A) 56E0  0101011011100000 ( 290)                 AND   R3 R3 #0
(315B) 16EA  0001011011101010 ( 291)                 ADD   R3 R3 #10
(315C) 16EA  0001011011101010 ( 292)                 ADD   R3 R3 #10
(315D) 5020  0101000000100000 ( 293)                 AND   R0 R0 #0
(315E) 1040  0001000001000000 ( 295) Multiply        ADD   R0 R1 R0
(315F) 16FF  0001011011111111 ( 296)                 ADD   R3 R3 #-1
(3160) 03FD  0000001111111101 ( 297)                 BRP   Multiply
(3161) 102A  0001000000101010 ( 298)                 ADD   R0 R0 #10
(3162) 1882  0001100010000010 ( 299)                 ADD   R4 R2 R2
(3163) 1921  0001100100100001 ( 300)                 ADD   R4 R4 #1
(3164) 1004  0001000000000100 ( 301)                 ADD   R0 R0 R4
(3165) E36A  1110001101101010 ( 302)                 LEA   R1 GRID
(3166) 1040  0001000001000000 ( 303)                 ADD   R0 R1 R0
(3167) 2204  0010001000000100 ( 304)                 LD    R1 GA_R1
(3168) 2404  0010010000000100 ( 305)                 LD    R2 GA_R2
(3169) 2604  0010011000000100 ( 306)                 LD    R3 GA_R3
(316A) 2804  0010100000000100 ( 307)                 LD    R4 GA_R4
(316B) C1C0  1100000111000000 ( 308)                 RET   
(316C) 0000  0000000000000000 ( 310) GA_R1           .FILL x0000
(316D) 0000  0000000000000000 ( 311) GA_R2           .FILL x0000
(316E) 0000  0000000000000000 ( 312) GA_R3           .FILL x0000
(316F) 0000  0000000000000000 ( 322) GA_R4           .FILL x0000
(3170) 2240  0010001001000000 ( 324) IS_INPUT_VALID  LD    R1 NegASCII_i
(3171) 1240  0001001001000000 ( 325)                 ADD   R1 R1 R0
(3172) 040A  0000010000001010 ( 326)                 BRZ   CHAR_VALID
(3173) 223E  0010001000111110 ( 327)                 LD    R1 NegASCII_j
(3174) 1240  0001001001000000 ( 328)                 ADD   R1 R1 R0
(3175) 0407  0000010000000111 ( 329)                 BRZ   CHAR_VALID
(3176) 223C  0010001000111100 ( 330)                 LD    R1 NegASCII_k
(3177) 1240  0001001001000000 ( 331)                 ADD   R1 R1 R0
(3178) 0404  0000010000000100 ( 332)                 BRZ   CHAR_VALID
(3179) 223A  0010001000111010 ( 333)                 LD    R1 NegASCII_l
(317A) 1240  0001001001000000 ( 334)                 ADD   R1 R1 R0
(317B) 0401  0000010000000001 ( 335)                 BRZ   CHAR_VALID
(317C) 0E02  0000111000000010 ( 336)                 BRNZP CHAR_INVALID
(317D) 54A0  0101010010100000 ( 338) CHAR_VALID      AND   R2 R2 #0
(317E) 0E03  0000111000000011 ( 339)                 BRNZP Validated
(317F) 54A0  0101010010100000 ( 341) CHAR_INVALID    AND   R2 R2 #0
(3180) 14BF  0001010010111111 ( 342)                 ADD   R2 R2 #-1
(3181) 0E00  0000111000000000 ( 343)                 BRNZP Validated
(3182) C1C0  1100000111000000 ( 345) Validated       RET   
(3183) 3E2C  0011111000101100 ( 363) APPLY_MOVE      ST    R7 AM_R7
(3184) 4EEF  0100111011101111 ( 364)                 JSR   CAN_MOVE
(3185) 1260  0001001001100000 ( 365)                 ADD   R1 R1 #0
(3186) 0604  0000011000000100 ( 366)                 BRZP  Possible_Move
(3187) E02F  1110000000101111 ( 367)                 LEA   R0 INVALID_MSG
(3188) F022  1111000000100010 ( 368)                 TRAP  x22
(3189) 2E26  0010111000100110 ( 369)                 LD    R7 AM_R7
(318A) C1C0  1100000111000000 ( 370)                 RET   
(318B) 339E  0011001110011110 ( 372) Possible_Move   ST    R1 CURRENT_ROW
(318C) 359E  0011010110011110 ( 373)                 ST    R2 CURRENT_COL
(318D) 2628  0010011000101000 ( 374)                 LD    R3 Star
(318E) 2826  0010100000100110 ( 375)                 LD    R4 Blank
(318F) 2A21  0010101000100001 ( 376)                 LD    R5 NegASCII_i
(3190) 1B40  0001101101000000 ( 377)                 ADD   R5 R5 R0
(3191) 0409  0000010000001001 ( 378)                 BRZ   MoveUp
(3192) 2A1F  0010101000011111 ( 379)                 LD    R5 NegASCII_j
(3193) 1B40  0001101101000000 ( 380)                 ADD   R5 R5 R0
(3194) 040B  0000010000001011 ( 381)                 BRZ   MoveLeft
(3195) 2A1D  0010101000011101 ( 382)                 LD    R5 NegASCII_k
(3196) 1B40  0001101101000000 ( 383)                 ADD   R5 R5 R0
(3197) 040D  0000010000001101 ( 384)                 BRZ   MoveDown
(3198) 2A1B  0010101000011011 ( 385)                 LD    R5 NegASCII_l
(3199) 1B40  0001101101000000 ( 386)                 ADD   R5 R5 R0
(319A) 040F  0000010000001111 ( 387)                 BRZ   MoveRight
(319B) 4FBA  0100111110111010 ( 389) MoveUp          JSR   GET_ADDRESS
(319C) 7600  0111011000000000 ( 390)                 STR   R3 R0 #0
(319D) 7814  0111100000010100 ( 391)                 STR   R4 R0 #20
(319E) 780A  0111100000001010 ( 392)                 STR   R4 R0 #10
(319F) 0E0E  0000111000001110 ( 393)                 BRNZP DoneMoving
(31A0) 4FB5  0100111110110101 ( 395) MoveLeft        JSR   GET_ADDRESS
(31A1) 7600  0111011000000000 ( 396)                 STR   R3 R0 #0
(31A2) 7802  0111100000000010 ( 397)                 STR   R4 R0 #2
(31A3) 7801  0111100000000001 ( 398)                 STR   R4 R0 #1
(31A4) 0E09  0000111000001001 ( 399)                 BRNZP DoneMoving
(31A5) 4FB0  0100111110110000 ( 401) MoveDown        JSR   GET_ADDRESS
(31A6) 7600  0111011000000000 ( 402)                 STR   R3 R0 #0
(31A7) 782C  0111100000101100 ( 403)                 STR   R4 R0 #-20
(31A8) 7836  0111100000110110 ( 404)                 STR   R4 R0 #-10
(31A9) 0E04  0000111000000100 ( 405)                 BRNZP DoneMoving
(31AA) 4FAB  0100111110101011 ( 407) MoveRight       JSR   GET_ADDRESS
(31AB) 7600  0111011000000000 ( 408)                 STR   R3 R0 #0
(31AC) 783E  0111100000111110 ( 409)                 STR   R4 R0 #-2
(31AD) 783F  0111100000111111 ( 410)                 STR   R4 R0 #-1
(31AE) 2E01  0010111000000001 ( 412) DoneMoving      LD    R7 AM_R7
(31AF) C1C0  1100000111000000 ( 413)                 RET   
(31B0) 0000  0000000000000000 ( 415) AM_R7           .FILL x0000
(31B1) FF97  1111111110010111 ( 415) NegASCII_i      .FILL xFF97
(31B2) FF96  1111111110010110 ( 416) NegASCII_j      .FILL xFF96
(31B3) FF95  1111111110010101 ( 417) NegASCII_k      .FILL xFF95
(31B4) FF94  1111111110010100 ( 418) NegASCII_l      .FILL xFF94
(31B5) 0020  0000000000100000 ( 419) Blank           .FILL x0020
(31B6) 002A  0000000000101010 ( 420) Star            .FILL x002A
(31B7) 0054  0000000001010100 ( 421) INVALID_MSG     .FILL x0054
(31B8) 0068  0000000001101000 ( 421)                 .FILL x0068
(31B9) 0065  0000000001100101 ( 421)                 .FILL x0065
(31BA) 0072  0000000001110010 ( 421)                 .FILL x0072
(31BB) 0065  0000000001100101 ( 421)                 .FILL x0065
(31BC) 0020  0000000000100000 ( 421)                 .FILL x0020
(31BD) 0073  0000000001110011 ( 421)                 .FILL x0073
(31BE) 0068  0000000001101000 ( 421)                 .FILL x0068
(31BF) 006F  0000000001101111 ( 421)                 .FILL x006F
(31C0) 0075  0000000001110101 ( 421)                 .FILL x0075
(31C1) 006C  0000000001101100 ( 421)                 .FILL x006C
(31C2) 0064  0000000001100100 ( 421)                 .FILL x0064
(31C3) 0020  0000000000100000 ( 421)                 .FILL x0020
(31C4) 0062  0000000001100010 ( 421)                 .FILL x0062
(31C5) 0065  0000000001100101 ( 421)                 .FILL x0065
(31C6) 0020  0000000000100000 ( 421)                 .FILL x0020
(31C7) 0061  0000000001100001 ( 421)                 .FILL x0061
(31C8) 0020  0000000000100000 ( 421)                 .FILL x0020
(31C9) 0062  0000000001100010 ( 421)                 .FILL x0062
(31CA) 0065  0000000001100101 ( 421)                 .FILL x0065
(31CB) 0074  0000000001110100 ( 421)                 .FILL x0074
(31CC) 0074  0000000001110100 ( 421)                 .FILL x0074
(31CD) 0065  0000000001100101 ( 421)                 .FILL x0065
(31CE) 0072  0000000001110010 ( 421)                 .FILL x0072
(31CF) 0020  0000000000100000 ( 421)                 .FILL x0020
(31D0) 006D  0000000001101101 ( 421)                 .FILL x006D
(31D1) 006F  0000000001101111 ( 421)                 .FILL x006F
(31D2) 0076  0000000001110110 ( 421)                 .FILL x0076
(31D3) 0065  0000000001100101 ( 421)                 .FILL x0065
(31D4) 002E  0000000000101110 ( 421)                 .FILL x002E
(31D5) 0000  0000000000000000 ( 421)                 .FILL x0000
(31D6) 2353  0010001101010011 ( 433) IS_GAME_OVER    LD    R1 CURRENT_ROW
(31D7) 2553  0010010101010011 ( 434)                 LD    R2 CURRENT_COL
(31D8) 2753  0010011101010011 ( 435)                 LD    R3 END_ROW
(31D9) 2953  0010100101010011 ( 436)                 LD    R4 END_COL
(31DA) 9A7F  1001101001111111 ( 437)                 NOT   R5 R1
(31DB) 1B61  0001101101100001 ( 438)                 ADD   R5 R5 #1
(31DC) 1B43  0001101101000011 ( 439)                 ADD   R5 R5 R3
(31DD) 0401  0000010000000001 ( 440)                 BRZ   COLUMNS
(31DE) 0E07  0000111000000111 ( 441)                 BRNZP NotOver
(31DF) 9ABF  1001101010111111 ( 443) COLUMNS         NOT   R5 R2
(31E0) 1B61  0001101101100001 ( 444)                 ADD   R5 R5 #1
(31E1) 1B44  0001101101000100 ( 445)                 ADD   R5 R5 R4
(31E2) 0401  0000010000000001 ( 446)                 BRZ   GameOver
(31E3) 0E02  0000111000000010 ( 447)                 BRNZP NotOver
(31E4) 54A0  0101010010100000 ( 449) GameOver        AND   R2 R2 #0
(31E5) 0E03  0000111000000011 ( 450)                 BRNZP Finished
(31E6) 54A0  0101010010100000 ( 452) NotOver         AND   R2 R2 #0
(31E7) 14BF  0001010010111111 ( 453)                 ADD   R2 R2 #-1
(31E8) 0E00  0000111000000000 ( 454)                 BRNZP Finished
(31E9) C1C0  1100000111000000 ( 456) Finished        RET   
